[NX Daemon Server] - 2024-07-27T11:02:49.033Z - Started listening on: /var/folders/w4/26scnf2x0bj2mk5vrpx_gxsr0000gn/T/f86433585bcfabaa988a/d.sock
[NX Daemon Server] - 2024-07-27T11:02:49.035Z - [WATCHER]: Subscribed to changes within: /Users/saurabhjainwal/Desktop/calo-task/org (native)
[NX Daemon Server] - 2024-07-27T11:02:49.036Z - Established a connection. Number of open connections: 1
[NX Daemon Server] - 2024-07-27T11:02:49.036Z - Established a connection. Number of open connections: 2
[NX Daemon Server] - 2024-07-27T11:02:49.037Z - Closed a connection. Number of open connections: 1
[NX Daemon Server] - 2024-07-27T11:02:49.038Z - [REQUEST]: Client Request for Project Graph Received
[NX Daemon Server] - 2024-07-27T11:02:49.108Z - [WATCHER]: .nx/workspace-data/d/server-process.json was created or restored
[NX Daemon Server] - 2024-07-27T11:02:49.186Z - [REQUEST]: Updated workspace context based on watched changes, recomputing project graph...
[NX Daemon Server] - 2024-07-27T11:02:49.186Z - [REQUEST]: .nx/workspace-data/d/server-process.json
[NX Daemon Server] - 2024-07-27T11:02:49.186Z - [REQUEST]: 
[NX Daemon Server] - 2024-07-27T11:02:49.192Z - Time taken for 'loadNxPlugins' 147.509542ms
[NX Daemon Server] - 2024-07-27T11:02:49.192Z - Established a connection. Number of open connections: 2
[NX Daemon Server] - 2024-07-27T11:02:49.193Z - Established a connection. Number of open connections: 3
[NX Daemon Server] - 2024-07-27T11:02:49.193Z - Closed a connection. Number of open connections: 2
[NX Daemon Server] - 2024-07-27T11:02:49.193Z - Established a connection. Number of open connections: 3
[NX Daemon Server] - 2024-07-27T11:02:49.194Z - [REQUEST]: Responding to the client. handleHashGlob
[NX Daemon Server] - 2024-07-27T11:02:49.194Z - Done responding to the client handleHashGlob
[NX Daemon Server] - 2024-07-27T11:02:49.194Z - Handled HASH_GLOB. Handling time: 0. Response time: 0.
[NX Daemon Server] - 2024-07-27T11:02:49.194Z - Established a connection. Number of open connections: 4
[NX Daemon Server] - 2024-07-27T11:02:49.194Z - Closed a connection. Number of open connections: 3
[NX Daemon Server] - 2024-07-27T11:02:49.195Z - [REQUEST]: Responding to the client. handleHashGlob
[NX Daemon Server] - 2024-07-27T11:02:49.195Z - Done responding to the client handleHashGlob
[NX Daemon Server] - 2024-07-27T11:02:49.195Z - Handled HASH_GLOB. Handling time: 0. Response time: 0.
[NX Daemon Server] - 2024-07-27T11:02:49.210Z - [REQUEST]: Updated workspace context based on watched changes, recomputing project graph...
[NX Daemon Server] - 2024-07-27T11:02:49.210Z - [REQUEST]: .nx/workspace-data/d/server-process.json
[NX Daemon Server] - 2024-07-27T11:02:49.210Z - [REQUEST]: 
[NX Daemon Server] - 2024-07-27T11:02:49.213Z - Time taken for 'hash changed files from watcher' 0.06624999999999659ms
[NX Daemon Server] - 2024-07-27T11:02:49.266Z - Established a connection. Number of open connections: 4
[NX Daemon Server] - 2024-07-27T11:02:49.267Z - Closed a connection. Number of open connections: 3
[NX Daemon Server] - 2024-07-27T11:02:49.267Z - Established a connection. Number of open connections: 4
[NX Daemon Server] - 2024-07-27T11:02:49.268Z - [REQUEST]: Responding to the client. handleHashGlob
[NX Daemon Server] - 2024-07-27T11:02:49.268Z - Done responding to the client handleHashGlob
[NX Daemon Server] - 2024-07-27T11:02:49.268Z - Handled HASH_GLOB. Handling time: 1. Response time: 0.
[NX Daemon Server] - 2024-07-27T11:02:49.269Z - [REQUEST]: Responding to the client. handleHashGlob
[NX Daemon Server] - 2024-07-27T11:02:49.269Z - Done responding to the client handleHashGlob
[NX Daemon Server] - 2024-07-27T11:02:49.269Z - Handled HASH_GLOB. Handling time: 0. Response time: 0.
[NX Daemon Server] - 2024-07-27T11:02:49.272Z - [REQUEST]: Responding to the client. handleHashGlob
[NX Daemon Server] - 2024-07-27T11:02:49.272Z - Done responding to the client handleHashGlob
[NX Daemon Server] - 2024-07-27T11:02:49.272Z - Handled HASH_GLOB. Handling time: 1. Response time: 0.
[NX Daemon Server] - 2024-07-27T11:02:49.272Z - [REQUEST]: Responding to the client. handleHashGlob
[NX Daemon Server] - 2024-07-27T11:02:49.272Z - Done responding to the client handleHashGlob
[NX Daemon Server] - 2024-07-27T11:02:49.272Z - Handled HASH_GLOB. Handling time: 0. Response time: 0.
[NX Daemon Server] - 2024-07-27T11:02:49.273Z - [REQUEST]: Responding to the client. handleGlob
[NX Daemon Server] - 2024-07-27T11:02:49.273Z - Done responding to the client handleGlob
[NX Daemon Server] - 2024-07-27T11:02:49.273Z - Handled GLOB. Handling time: 0. Response time: 0.
[NX Daemon Server] - 2024-07-27T11:02:49.340Z - [REQUEST]: Responding to the client. handleHashGlob
[NX Daemon Server] - 2024-07-27T11:02:49.340Z - Done responding to the client handleHashGlob
[NX Daemon Server] - 2024-07-27T11:02:49.340Z - Handled HASH_GLOB. Handling time: 0. Response time: 0.
[NX Daemon Server] - 2024-07-27T11:02:49.533Z - [REQUEST]: Responding to the client. handleHashGlob
[NX Daemon Server] - 2024-07-27T11:02:49.533Z - Done responding to the client handleHashGlob
[NX Daemon Server] - 2024-07-27T11:02:49.533Z - Handled HASH_GLOB. Handling time: 0. Response time: 0.
[NX Daemon Server] - 2024-07-27T11:02:50.090Z - Time taken for 'build-project-configs' 869.094792ms
[NX Daemon Server] - 2024-07-27T11:02:50.092Z - Time taken for 'build-project-configs' 880.7541669999999ms
[NX Daemon Server] - 2024-07-27T11:02:50.132Z - Time taken for 'total execution time for createProjectGraph()' 36.69100000000003ms
[NX Daemon Server] - 2024-07-27T11:02:50.145Z - [REQUEST]: Responding to the client. project-graph
[NX Daemon Server] - 2024-07-27T11:02:50.145Z - Time taken for 'total for creating and serializing project graph' 1107.5670420000001ms
[NX Daemon Server] - 2024-07-27T11:02:50.147Z - Done responding to the client project-graph
[NX Daemon Server] - 2024-07-27T11:02:50.147Z - Handled REQUEST_PROJECT_GRAPH. Handling time: 1107. Response time: 2.
[NX Daemon Server] - 2024-07-27T11:02:50.150Z - Closed a connection. Number of open connections: 3
[NX Daemon Server] - 2024-07-27T11:03:24.071Z - [WATCHER]: Processing file changes in outputs
[NX Daemon Server] - 2024-07-27T11:03:24.072Z - [WATCHER]: package.json was modified
[NX Daemon Server] - 2024-07-27T11:03:24.250Z - [WATCHER]: Processing file changes in outputs
[NX Daemon Server] - 2024-07-27T11:03:24.251Z - [WATCHER]: Stopping the watcher for /Users/saurabhjainwal/Desktop/calo-task/org (sources)
[NX Daemon Server] - 2024-07-27T11:03:24.251Z - [WATCHER]: Stopping the watcher for /Users/saurabhjainwal/Desktop/calo-task/org (outputs)
[NX Daemon Server] - 2024-07-27T11:03:24.251Z - Server stopped because: "LOCK_FILES_CHANGED"
[NX Daemon Server] - 2024-07-27T11:03:24.701Z - Started listening on: /var/folders/w4/26scnf2x0bj2mk5vrpx_gxsr0000gn/T/f86433585bcfabaa988a/d.sock
[NX Daemon Server] - 2024-07-27T11:03:24.703Z - [WATCHER]: Subscribed to changes within: /Users/saurabhjainwal/Desktop/calo-task/org (native)
[NX Daemon Server] - 2024-07-27T11:03:24.710Z - Established a connection. Number of open connections: 1
[NX Daemon Server] - 2024-07-27T11:03:24.710Z - Established a connection. Number of open connections: 2
[NX Daemon Server] - 2024-07-27T11:03:24.711Z - Closed a connection. Number of open connections: 1
[NX Daemon Server] - 2024-07-27T11:03:24.712Z - [REQUEST]: Client Request for Project Graph Received
[NX Daemon Server] - 2024-07-27T11:03:24.765Z - [WATCHER]: .nx/workspace-data/d/server-process.json was created or restored
[NX Daemon Server] - 2024-07-27T11:03:24.877Z - [REQUEST]: Updated workspace context based on watched changes, recomputing project graph...
[NX Daemon Server] - 2024-07-27T11:03:24.877Z - [REQUEST]: .nx/workspace-data/d/server-process.json
[NX Daemon Server] - 2024-07-27T11:03:24.877Z - [REQUEST]: 
[NX Daemon Server] - 2024-07-27T11:03:24.878Z - [REQUEST]: Updated workspace context based on watched changes, recomputing project graph...
[NX Daemon Server] - 2024-07-27T11:03:24.878Z - [REQUEST]: .nx/workspace-data/d/server-process.json
[NX Daemon Server] - 2024-07-27T11:03:24.878Z - [REQUEST]: 
[NX Daemon Server] - 2024-07-27T11:03:24.887Z - Time taken for 'loadNxPlugins' 11.003041999999994ms
[NX Daemon Server] - 2024-07-27T11:03:24.887Z - Established a connection. Number of open connections: 2
[NX Daemon Server] - 2024-07-27T11:03:24.888Z - Established a connection. Number of open connections: 3
[NX Daemon Server] - 2024-07-27T11:03:24.888Z - Closed a connection. Number of open connections: 2
[NX Daemon Server] - 2024-07-27T11:03:24.888Z - Established a connection. Number of open connections: 3
[NX Daemon Server] - 2024-07-27T11:03:24.889Z - [REQUEST]: Responding to the client. handleHashGlob
[NX Daemon Server] - 2024-07-27T11:03:24.889Z - Done responding to the client handleHashGlob
[NX Daemon Server] - 2024-07-27T11:03:24.889Z - Handled HASH_GLOB. Handling time: 1. Response time: 0.
[NX Daemon Server] - 2024-07-27T11:03:24.889Z - Established a connection. Number of open connections: 4
[NX Daemon Server] - 2024-07-27T11:03:24.889Z - Closed a connection. Number of open connections: 3
[NX Daemon Server] - 2024-07-27T11:03:24.890Z - [REQUEST]: Responding to the client. handleHashGlob
[NX Daemon Server] - 2024-07-27T11:03:24.890Z - Done responding to the client handleHashGlob
[NX Daemon Server] - 2024-07-27T11:03:24.890Z - Handled HASH_GLOB. Handling time: 1. Response time: 0.
[NX Daemon Server] - 2024-07-27T11:03:24.890Z - [REQUEST]: Responding to the client. handleHashGlob
[NX Daemon Server] - 2024-07-27T11:03:24.890Z - Done responding to the client handleHashGlob
[NX Daemon Server] - 2024-07-27T11:03:24.890Z - Handled HASH_GLOB. Handling time: 0. Response time: 0.
[NX Daemon Server] - 2024-07-27T11:03:24.891Z - [REQUEST]: Responding to the client. handleHashGlob
[NX Daemon Server] - 2024-07-27T11:03:24.891Z - Done responding to the client handleHashGlob
[NX Daemon Server] - 2024-07-27T11:03:24.891Z - Handled HASH_GLOB. Handling time: 1. Response time: 0.
[NX Daemon Server] - 2024-07-27T11:03:25.002Z - Established a connection. Number of open connections: 4
[NX Daemon Server] - 2024-07-27T11:03:25.003Z - Closed a connection. Number of open connections: 3
[NX Daemon Server] - 2024-07-27T11:03:25.003Z - Established a connection. Number of open connections: 4
[NX Daemon Server] - 2024-07-27T11:03:25.004Z - [REQUEST]: Responding to the client. handleHashGlob
[NX Daemon Server] - 2024-07-27T11:03:25.004Z - Done responding to the client handleHashGlob
[NX Daemon Server] - 2024-07-27T11:03:25.004Z - Handled HASH_GLOB. Handling time: 0. Response time: 0.
[NX Daemon Server] - 2024-07-27T11:03:25.006Z - [REQUEST]: Responding to the client. handleHashGlob
[NX Daemon Server] - 2024-07-27T11:03:25.006Z - Done responding to the client handleHashGlob
[NX Daemon Server] - 2024-07-27T11:03:25.006Z - Handled HASH_GLOB. Handling time: 1. Response time: 0.
[NX Daemon Server] - 2024-07-27T11:03:25.007Z - [REQUEST]: Responding to the client. handleHashGlob
[NX Daemon Server] - 2024-07-27T11:03:25.007Z - Done responding to the client handleHashGlob
[NX Daemon Server] - 2024-07-27T11:03:25.007Z - Handled HASH_GLOB. Handling time: 0. Response time: 0.
[NX Daemon Server] - 2024-07-27T11:03:25.009Z - [REQUEST]: Responding to the client. handleHashGlob
[NX Daemon Server] - 2024-07-27T11:03:25.009Z - Done responding to the client handleHashGlob
[NX Daemon Server] - 2024-07-27T11:03:25.009Z - Handled HASH_GLOB. Handling time: 1. Response time: 0.
[NX Daemon Server] - 2024-07-27T11:03:25.009Z - [REQUEST]: Responding to the client. handleGlob
[NX Daemon Server] - 2024-07-27T11:03:25.009Z - Done responding to the client handleGlob
[NX Daemon Server] - 2024-07-27T11:03:25.009Z - Handled GLOB. Handling time: 0. Response time: 0.
[NX Daemon Server] - 2024-07-27T11:03:25.481Z - Time taken for 'build-project-configs' 585.908375ms
[NX Daemon Server] - 2024-07-27T11:03:25.483Z - Time taken for 'build-project-configs' 597.6798329999999ms
[NX Daemon Server] - 2024-07-27T11:03:25.518Z - Time taken for 'total execution time for createProjectGraph()' 32.160582999999974ms
[NX Daemon Server] - 2024-07-27T11:03:25.532Z - [REQUEST]: Responding to the client. project-graph
[NX Daemon Server] - 2024-07-27T11:03:25.532Z - Time taken for 'total for creating and serializing project graph' 820.1951670000001ms
[NX Daemon Server] - 2024-07-27T11:03:25.534Z - Done responding to the client project-graph
[NX Daemon Server] - 2024-07-27T11:03:25.534Z - Handled REQUEST_PROJECT_GRAPH. Handling time: 821. Response time: 2.
[NX Daemon Server] - 2024-07-27T11:03:25.699Z - [WATCHER]: package.json was modified
[NX Daemon Server] - 2024-07-27T11:03:25.700Z - [WATCHER]: Processing file changes in outputs
[NX Daemon Server] - 2024-07-27T11:03:25.901Z - [REQUEST]: Updated workspace context based on watched changes, recomputing project graph...
[NX Daemon Server] - 2024-07-27T11:03:25.901Z - [REQUEST]: package.json
[NX Daemon Server] - 2024-07-27T11:03:25.901Z - [REQUEST]: 
[NX Daemon Server] - 2024-07-27T11:03:25.905Z - [REQUEST]: Responding to the client. handleHashGlob
[NX Daemon Server] - 2024-07-27T11:03:25.905Z - Done responding to the client handleHashGlob
[NX Daemon Server] - 2024-07-27T11:03:25.905Z - Handled HASH_GLOB. Handling time: 0. Response time: 0.
[NX Daemon Server] - 2024-07-27T11:03:25.906Z - [REQUEST]: Responding to the client. handleHashGlob
[NX Daemon Server] - 2024-07-27T11:03:25.906Z - Done responding to the client handleHashGlob
[NX Daemon Server] - 2024-07-27T11:03:25.906Z - Handled HASH_GLOB. Handling time: 1. Response time: 0.
[NX Daemon Server] - 2024-07-27T11:03:25.906Z - [REQUEST]: Responding to the client. handleHashGlob
[NX Daemon Server] - 2024-07-27T11:03:25.906Z - Done responding to the client handleHashGlob
[NX Daemon Server] - 2024-07-27T11:03:25.906Z - Handled HASH_GLOB. Handling time: 0. Response time: 0.
[NX Daemon Server] - 2024-07-27T11:03:25.906Z - Time taken for 'hash changed files from watcher' 0.06691700000010314ms
[NX Daemon Server] - 2024-07-27T11:03:25.907Z - [REQUEST]: Responding to the client. handleHashGlob
[NX Daemon Server] - 2024-07-27T11:03:25.907Z - Done responding to the client handleHashGlob
[NX Daemon Server] - 2024-07-27T11:03:25.907Z - Handled HASH_GLOB. Handling time: 0. Response time: 0.
[NX Daemon Server] - 2024-07-27T11:03:25.907Z - [REQUEST]: Responding to the client. handleGlob
[NX Daemon Server] - 2024-07-27T11:03:25.907Z - Done responding to the client handleGlob
[NX Daemon Server] - 2024-07-27T11:03:25.907Z - Handled GLOB. Handling time: 0. Response time: 0.
[NX Daemon Server] - 2024-07-27T11:03:25.914Z - Time taken for 'build-project-configs' 10.825874999999996ms
[NX Daemon Server] - 2024-07-27T11:03:25.926Z - Time taken for 'total execution time for createProjectGraph()' 10.00129099999981ms
[NX Daemon Server] - 2024-07-27T11:03:27.084Z - [WATCHER]: Processing file changes in outputs
[NX Daemon Server] - 2024-07-27T11:03:27.084Z - [WATCHER]: Stopping the watcher for /Users/saurabhjainwal/Desktop/calo-task/org (sources)
[NX Daemon Server] - 2024-07-27T11:03:27.084Z - [WATCHER]: Stopping the watcher for /Users/saurabhjainwal/Desktop/calo-task/org (outputs)
[NX Daemon Server] - 2024-07-27T11:03:27.084Z - Server stopped because: "LOCK_FILES_CHANGED"
[NX Daemon Server] - 2024-07-27T11:03:33.071Z - Started listening on: /var/folders/w4/26scnf2x0bj2mk5vrpx_gxsr0000gn/T/f86433585bcfabaa988a/d.sock
[NX Daemon Server] - 2024-07-27T11:03:33.073Z - [WATCHER]: Subscribed to changes within: /Users/saurabhjainwal/Desktop/calo-task/org (native)
[NX Daemon Server] - 2024-07-27T11:03:33.077Z - Established a connection. Number of open connections: 1
[NX Daemon Server] - 2024-07-27T11:03:33.077Z - Established a connection. Number of open connections: 2
[NX Daemon Server] - 2024-07-27T11:03:33.078Z - Closed a connection. Number of open connections: 1
[NX Daemon Server] - 2024-07-27T11:03:33.078Z - [REQUEST]: Client Request for Project Graph Received
[NX Daemon Server] - 2024-07-27T11:03:33.143Z - [WATCHER]: .nx/workspace-data/d/server-process.json was created or restored
[NX Daemon Server] - 2024-07-27T11:03:33.223Z - [REQUEST]: Updated workspace context based on watched changes, recomputing project graph...
[NX Daemon Server] - 2024-07-27T11:03:33.223Z - [REQUEST]: .nx/workspace-data/d/server-process.json
[NX Daemon Server] - 2024-07-27T11:03:33.223Z - [REQUEST]: 
[NX Daemon Server] - 2024-07-27T11:03:33.229Z - Time taken for 'loadNxPlugins' 143.65325ms
[NX Daemon Server] - 2024-07-27T11:03:33.229Z - Established a connection. Number of open connections: 2
[NX Daemon Server] - 2024-07-27T11:03:33.230Z - Established a connection. Number of open connections: 3
[NX Daemon Server] - 2024-07-27T11:03:33.230Z - Closed a connection. Number of open connections: 2
[NX Daemon Server] - 2024-07-27T11:03:33.230Z - Established a connection. Number of open connections: 3
[NX Daemon Server] - 2024-07-27T11:03:33.231Z - [REQUEST]: Responding to the client. handleHashGlob
[NX Daemon Server] - 2024-07-27T11:03:33.231Z - Done responding to the client handleHashGlob
[NX Daemon Server] - 2024-07-27T11:03:33.231Z - Handled HASH_GLOB. Handling time: 1. Response time: 0.
[NX Daemon Server] - 2024-07-27T11:03:33.231Z - Established a connection. Number of open connections: 4
[NX Daemon Server] - 2024-07-27T11:03:33.231Z - Closed a connection. Number of open connections: 3
[NX Daemon Server] - 2024-07-27T11:03:33.232Z - [REQUEST]: Responding to the client. handleHashGlob
[NX Daemon Server] - 2024-07-27T11:03:33.232Z - Done responding to the client handleHashGlob
[NX Daemon Server] - 2024-07-27T11:03:33.232Z - Handled HASH_GLOB. Handling time: 1. Response time: 0.
[NX Daemon Server] - 2024-07-27T11:03:33.244Z - [REQUEST]: Updated workspace context based on watched changes, recomputing project graph...
[NX Daemon Server] - 2024-07-27T11:03:33.244Z - [REQUEST]: .nx/workspace-data/d/server-process.json
[NX Daemon Server] - 2024-07-27T11:03:33.244Z - [REQUEST]: 
[NX Daemon Server] - 2024-07-27T11:03:33.248Z - [REQUEST]: Responding to the client. handleHashGlob
[NX Daemon Server] - 2024-07-27T11:03:33.248Z - Done responding to the client handleHashGlob
[NX Daemon Server] - 2024-07-27T11:03:33.248Z - Handled HASH_GLOB. Handling time: 1. Response time: 0.
[NX Daemon Server] - 2024-07-27T11:03:33.248Z - Time taken for 'hash changed files from watcher' 0.05850000000000932ms
[NX Daemon Server] - 2024-07-27T11:03:33.302Z - Established a connection. Number of open connections: 4
[NX Daemon Server] - 2024-07-27T11:03:33.303Z - Closed a connection. Number of open connections: 3
[NX Daemon Server] - 2024-07-27T11:03:33.303Z - Established a connection. Number of open connections: 4
[NX Daemon Server] - 2024-07-27T11:03:33.304Z - [REQUEST]: Responding to the client. handleHashGlob
[NX Daemon Server] - 2024-07-27T11:03:33.304Z - Done responding to the client handleHashGlob
[NX Daemon Server] - 2024-07-27T11:03:33.304Z - Handled HASH_GLOB. Handling time: 1. Response time: 0.
[NX Daemon Server] - 2024-07-27T11:03:33.305Z - [REQUEST]: Responding to the client. handleHashGlob
[NX Daemon Server] - 2024-07-27T11:03:33.305Z - Done responding to the client handleHashGlob
[NX Daemon Server] - 2024-07-27T11:03:33.305Z - Handled HASH_GLOB. Handling time: 1. Response time: 0.
[NX Daemon Server] - 2024-07-27T11:03:33.307Z - [REQUEST]: Responding to the client. handleHashGlob
[NX Daemon Server] - 2024-07-27T11:03:33.307Z - Done responding to the client handleHashGlob
[NX Daemon Server] - 2024-07-27T11:03:33.307Z - Handled HASH_GLOB. Handling time: 0. Response time: 0.
[NX Daemon Server] - 2024-07-27T11:03:33.308Z - [REQUEST]: Responding to the client. handleHashGlob
[NX Daemon Server] - 2024-07-27T11:03:33.308Z - Done responding to the client handleHashGlob
[NX Daemon Server] - 2024-07-27T11:03:33.308Z - Handled HASH_GLOB. Handling time: 0. Response time: 0.
[NX Daemon Server] - 2024-07-27T11:03:33.309Z - [REQUEST]: Responding to the client. handleGlob
[NX Daemon Server] - 2024-07-27T11:03:33.309Z - Done responding to the client handleGlob
[NX Daemon Server] - 2024-07-27T11:03:33.309Z - Handled GLOB. Handling time: 1. Response time: 0.
[NX Daemon Server] - 2024-07-27T11:03:33.360Z - [REQUEST]: Responding to the client. handleHashGlob
[NX Daemon Server] - 2024-07-27T11:03:33.360Z - Done responding to the client handleHashGlob
[NX Daemon Server] - 2024-07-27T11:03:33.360Z - Handled HASH_GLOB. Handling time: 0. Response time: 0.
[NX Daemon Server] - 2024-07-27T11:03:33.688Z - Time taken for 'build-project-configs' 431.62570800000003ms
[NX Daemon Server] - 2024-07-27T11:03:33.724Z - Time taken for 'total execution time for createProjectGraph()' 35.394000000000005ms
[NX Daemon Server] - 2024-07-27T11:03:33.736Z - [REQUEST]: Responding to the client. project-graph
[NX Daemon Server] - 2024-07-27T11:03:33.736Z - Time taken for 'total for creating and serializing project graph' 657.396292ms
[NX Daemon Server] - 2024-07-27T11:03:33.737Z - Done responding to the client project-graph
[NX Daemon Server] - 2024-07-27T11:03:33.737Z - Handled REQUEST_PROJECT_GRAPH. Handling time: 658. Response time: 1.
[NX Daemon Server] - 2024-07-27T11:03:45.949Z - Closed a connection. Number of open connections: 3
[NX Daemon Server] - 2024-07-27T11:03:50.504Z - Established a connection. Number of open connections: 4
[NX Daemon Server] - 2024-07-27T11:03:50.505Z - Closed a connection. Number of open connections: 3
[NX Daemon Server] - 2024-07-27T11:03:50.505Z - Established a connection. Number of open connections: 4
[NX Daemon Server] - 2024-07-27T11:03:50.506Z - [REQUEST]: Client Request for Project Graph Received
[NX Daemon Server] - 2024-07-27T11:03:50.506Z - [REQUEST]: Responding to the client. project-graph
[NX Daemon Server] - 2024-07-27T11:03:50.507Z - Time taken for 'total for creating and serializing project graph' 0.2559590000018943ms
[NX Daemon Server] - 2024-07-27T11:03:50.509Z - Done responding to the client project-graph
[NX Daemon Server] - 2024-07-27T11:03:50.509Z - Handled REQUEST_PROJECT_GRAPH. Handling time: 0. Response time: 3.
[NX Daemon Server] - 2024-07-27T11:03:53.018Z - Closed a connection. Number of open connections: 3
[NX Daemon Server] - 2024-07-27T11:03:54.582Z - Established a connection. Number of open connections: 4
[NX Daemon Server] - 2024-07-27T11:03:54.583Z - Closed a connection. Number of open connections: 3
[NX Daemon Server] - 2024-07-27T11:03:54.583Z - Established a connection. Number of open connections: 4
[NX Daemon Server] - 2024-07-27T11:03:54.584Z - [REQUEST]: Client Request for Project Graph Received
[NX Daemon Server] - 2024-07-27T11:03:54.584Z - [REQUEST]: Responding to the client. project-graph
[NX Daemon Server] - 2024-07-27T11:03:54.585Z - Time taken for 'total for creating and serializing project graph' 0.2200830000001588ms
[NX Daemon Server] - 2024-07-27T11:03:54.587Z - Done responding to the client project-graph
[NX Daemon Server] - 2024-07-27T11:03:54.587Z - Handled REQUEST_PROJECT_GRAPH. Handling time: 0. Response time: 3.
[NX Daemon Server] - 2024-07-27T11:03:58.691Z - [REQUEST]: Client Request for Project Graph Received
[NX Daemon Server] - 2024-07-27T11:03:58.692Z - [REQUEST]: Responding to the client. project-graph
[NX Daemon Server] - 2024-07-27T11:03:58.692Z - Time taken for 'total for creating and serializing project graph' 0.29295900000215624ms
[NX Daemon Server] - 2024-07-27T11:03:58.693Z - Done responding to the client project-graph
[NX Daemon Server] - 2024-07-27T11:03:58.693Z - Handled REQUEST_PROJECT_GRAPH. Handling time: 1. Response time: 1.
[NX Daemon Server] - 2024-07-27T11:03:58.696Z - [REQUEST]: Responding to the client. handleGlob
[NX Daemon Server] - 2024-07-27T11:03:58.696Z - Done responding to the client handleGlob
[NX Daemon Server] - 2024-07-27T11:03:58.696Z - Handled GLOB. Handling time: 0. Response time: 0.
[NX Daemon Server] - 2024-07-27T11:03:58.702Z - [REQUEST]: Client Request for Project Graph Received
[NX Daemon Server] - 2024-07-27T11:03:58.702Z - [REQUEST]: Responding to the client. project-graph
[NX Daemon Server] - 2024-07-27T11:03:58.702Z - Time taken for 'total for creating and serializing project graph' 0.20412500000020373ms
[NX Daemon Server] - 2024-07-27T11:03:58.703Z - Done responding to the client project-graph
[NX Daemon Server] - 2024-07-27T11:03:58.703Z - Handled REQUEST_PROJECT_GRAPH. Handling time: 0. Response time: 1.
[NX Daemon Server] - 2024-07-27T11:03:58.714Z - [REQUEST]: Client Request for Project Graph Received
[NX Daemon Server] - 2024-07-27T11:03:58.714Z - [REQUEST]: Responding to the client. project-graph
[NX Daemon Server] - 2024-07-27T11:03:58.714Z - Time taken for 'total for creating and serializing project graph' 0.16683299999931478ms
[NX Daemon Server] - 2024-07-27T11:03:58.715Z - Done responding to the client project-graph
[NX Daemon Server] - 2024-07-27T11:03:58.715Z - Handled REQUEST_PROJECT_GRAPH. Handling time: 0. Response time: 1.
[NX Daemon Server] - 2024-07-27T11:03:58.720Z - [REQUEST]: Client Request for Project Graph Received
[NX Daemon Server] - 2024-07-27T11:03:58.720Z - [REQUEST]: Responding to the client. project-graph
[NX Daemon Server] - 2024-07-27T11:03:58.720Z - Time taken for 'total for creating and serializing project graph' 0.17970799999966403ms
[NX Daemon Server] - 2024-07-27T11:03:58.721Z - Done responding to the client project-graph
[NX Daemon Server] - 2024-07-27T11:03:58.721Z - Handled REQUEST_PROJECT_GRAPH. Handling time: 0. Response time: 1.
[NX Daemon Server] - 2024-07-27T11:03:58.730Z - [REQUEST]: Client Request for Project Graph Received
[NX Daemon Server] - 2024-07-27T11:03:58.730Z - [REQUEST]: Responding to the client. project-graph
[NX Daemon Server] - 2024-07-27T11:03:58.731Z - Time taken for 'total for creating and serializing project graph' 0.12745799999902374ms
[NX Daemon Server] - 2024-07-27T11:03:58.731Z - Done responding to the client project-graph
[NX Daemon Server] - 2024-07-27T11:03:58.731Z - Handled REQUEST_PROJECT_GRAPH. Handling time: 0. Response time: 1.
[NX Daemon Server] - 2024-07-27T11:03:58.736Z - [REQUEST]: Client Request for Project Graph Received
[NX Daemon Server] - 2024-07-27T11:03:58.736Z - [REQUEST]: Responding to the client. project-graph
[NX Daemon Server] - 2024-07-27T11:03:58.737Z - Time taken for 'total for creating and serializing project graph' 0.1314170000005106ms
[NX Daemon Server] - 2024-07-27T11:03:58.737Z - Done responding to the client project-graph
[NX Daemon Server] - 2024-07-27T11:03:58.737Z - Handled REQUEST_PROJECT_GRAPH. Handling time: 0. Response time: 1.
[NX Daemon Server] - 2024-07-27T11:03:59.003Z - [WATCHER]: Processing file changes in outputs
[NX Daemon Server] - 2024-07-27T11:03:59.004Z - [WATCHER]: 23 file(s) created or restored, 2 file(s) modified, 0 file(s) deleted
[NX Daemon Server] - 2024-07-27T11:03:59.117Z - Closed a connection. Number of open connections: 3
[NX Daemon Server] - 2024-07-27T11:03:59.118Z - Closed a connection. Number of open connections: 2
[NX Daemon Server] - 2024-07-27T11:03:59.118Z - Closed a connection. Number of open connections: 1
[NX Daemon Server] - 2024-07-27T11:03:59.281Z - [REQUEST]: Updated workspace context based on watched changes, recomputing project graph...
[NX Daemon Server] - 2024-07-27T11:03:59.281Z - [REQUEST]: apps/backend/src/app/app.controller.spec.ts,apps/backend/tsconfig.json,apps/backend-e2e/tsconfig.json,apps/backend-e2e/src/support/global-teardown.ts,apps/backend/src/main.ts,apps/backend/src/app/app.module.ts,apps/backend/src/app/app.service.spec.ts,apps/backend-e2e/jest.config.ts,apps/backend/.eslintrc.json,apps/backend/src/assets/.gitkeep,apps/backend/project.json,apps/backend-e2e/project.json,apps/backend-e2e/src/support/test-setup.ts,apps/backend/jest.config.ts,apps/backend-e2e/src/support/global-setup.ts,apps/backend-e2e/tsconfig.spec.json,apps/backend/tsconfig.app.json,apps/backend-e2e/.eslintrc.json,apps/backend-e2e/src/backend/backend.spec.ts,apps/backend/webpack.config.js,apps/backend/src/app/app.controller.ts,apps/backend/tsconfig.spec.json,apps/backend/src/app/app.service.ts,nx.json,package.json
[NX Daemon Server] - 2024-07-27T11:03:59.281Z - [REQUEST]: 
[NX Daemon Server] - 2024-07-27T11:03:59.289Z - Time taken for 'loadNxPlugins' 172.28016600000046ms
[NX Daemon Server] - 2024-07-27T11:03:59.290Z - Established a connection. Number of open connections: 2
[NX Daemon Server] - 2024-07-27T11:03:59.290Z - Established a connection. Number of open connections: 3
[NX Daemon Server] - 2024-07-27T11:03:59.291Z - Closed a connection. Number of open connections: 2
[NX Daemon Server] - 2024-07-27T11:03:59.291Z - Established a connection. Number of open connections: 3
[NX Daemon Server] - 2024-07-27T11:03:59.292Z - [REQUEST]: Responding to the client. handleHashGlob
[NX Daemon Server] - 2024-07-27T11:03:59.292Z - Done responding to the client handleHashGlob
[NX Daemon Server] - 2024-07-27T11:03:59.292Z - Handled HASH_GLOB. Handling time: 1. Response time: 0.
[NX Daemon Server] - 2024-07-27T11:03:59.292Z - Established a connection. Number of open connections: 4
[NX Daemon Server] - 2024-07-27T11:03:59.293Z - Closed a connection. Number of open connections: 3
[NX Daemon Server] - 2024-07-27T11:03:59.293Z - Established a connection. Number of open connections: 4
[NX Daemon Server] - 2024-07-27T11:03:59.294Z - [REQUEST]: Responding to the client. handleHashGlob
[NX Daemon Server] - 2024-07-27T11:03:59.294Z - Done responding to the client handleHashGlob
[NX Daemon Server] - 2024-07-27T11:03:59.294Z - Handled HASH_GLOB. Handling time: 0. Response time: 0.
[NX Daemon Server] - 2024-07-27T11:03:59.295Z - Established a connection. Number of open connections: 5
[NX Daemon Server] - 2024-07-27T11:03:59.295Z - Closed a connection. Number of open connections: 4
[NX Daemon Server] - 2024-07-27T11:03:59.296Z - [REQUEST]: Responding to the client. handleHashGlob
[NX Daemon Server] - 2024-07-27T11:03:59.296Z - Done responding to the client handleHashGlob
[NX Daemon Server] - 2024-07-27T11:03:59.296Z - Handled HASH_GLOB. Handling time: 1. Response time: 0.
[NX Daemon Server] - 2024-07-27T11:03:59.297Z - [REQUEST]: Responding to the client. handleHashGlob
[NX Daemon Server] - 2024-07-27T11:03:59.297Z - Done responding to the client handleHashGlob
[NX Daemon Server] - 2024-07-27T11:03:59.297Z - Handled HASH_GLOB. Handling time: 1. Response time: 0.
[NX Daemon Server] - 2024-07-27T11:03:59.404Z - Established a connection. Number of open connections: 5
[NX Daemon Server] - 2024-07-27T11:03:59.404Z - Established a connection. Number of open connections: 6
[NX Daemon Server] - 2024-07-27T11:03:59.407Z - Closed a connection. Number of open connections: 5
[NX Daemon Server] - 2024-07-27T11:03:59.414Z - [REQUEST]: Responding to the client. handleHashGlob
[NX Daemon Server] - 2024-07-27T11:03:59.414Z - Done responding to the client handleHashGlob
[NX Daemon Server] - 2024-07-27T11:03:59.414Z - Handled HASH_GLOB. Handling time: 7. Response time: 0.
[NX Daemon Server] - 2024-07-27T11:03:59.419Z - [REQUEST]: Responding to the client. handleHashGlob
[NX Daemon Server] - 2024-07-27T11:03:59.420Z - Done responding to the client handleHashGlob
[NX Daemon Server] - 2024-07-27T11:03:59.420Z - Handled HASH_GLOB. Handling time: 0. Response time: 1.
[NX Daemon Server] - 2024-07-27T11:03:59.427Z - [REQUEST]: Responding to the client. handleHashGlob
[NX Daemon Server] - 2024-07-27T11:03:59.427Z - Done responding to the client handleHashGlob
[NX Daemon Server] - 2024-07-27T11:03:59.427Z - Handled HASH_GLOB. Handling time: 6. Response time: 0.
[NX Daemon Server] - 2024-07-27T11:03:59.430Z - [REQUEST]: Responding to the client. handleHashGlob
[NX Daemon Server] - 2024-07-27T11:03:59.430Z - Done responding to the client handleHashGlob
[NX Daemon Server] - 2024-07-27T11:03:59.430Z - Handled HASH_GLOB. Handling time: 0. Response time: 0.
[NX Daemon Server] - 2024-07-27T11:03:59.432Z - [REQUEST]: Responding to the client. handleGlob
[NX Daemon Server] - 2024-07-27T11:03:59.432Z - Done responding to the client handleGlob
[NX Daemon Server] - 2024-07-27T11:03:59.432Z - Handled GLOB. Handling time: 2. Response time: 0.
[NX Daemon Server] - 2024-07-27T11:03:59.987Z - Time taken for 'build-project-configs' 702.3037909999985ms
[NX Daemon Server] - 2024-07-27T11:04:00.124Z - Time taken for 'total execution time for createProjectGraph()' 134.9724589999969ms
[NX Daemon Server] - 2024-07-27T11:04:05.261Z - [WATCHER]: Processing file changes in outputs
[NX Daemon Server] - 2024-07-27T11:04:05.262Z - [WATCHER]: Stopping the watcher for /Users/saurabhjainwal/Desktop/calo-task/org (sources)
[NX Daemon Server] - 2024-07-27T11:04:05.263Z - [WATCHER]: Stopping the watcher for /Users/saurabhjainwal/Desktop/calo-task/org (outputs)
[NX Daemon Server] - 2024-07-27T11:04:05.263Z - Server stopped because: "LOCK_FILES_CHANGED"
